[debug] [2019-12-14T23:12:39.865Z] ----------------------------------------------------------------------
[debug] [2019-12-14T23:12:39.880Z] Command:       C:\Program Files\nodejs\node.exe C:\Users\Student\AppData\Roaming\npm\node_modules\firebase-tools\lib\bin\firebase.js serve
[debug] [2019-12-14T23:12:39.880Z] CLI Version:   7.7.0
[debug] [2019-12-14T23:12:39.880Z] Platform:      win32
[debug] [2019-12-14T23:12:39.880Z] Node Version:  v11.10.0
[debug] [2019-12-14T23:12:39.880Z] Time:          Sat Dec 14 2019 18:12:39 GMT-0500 (Eastern Standard Time)
[debug] [2019-12-14T23:12:39.880Z] ----------------------------------------------------------------------
[debug] [2019-12-14T23:12:39.880Z] 
[debug] [2019-12-14T23:12:39.934Z] > command requires scopes: ["email","openid","https://www.googleapis.com/auth/cloudplatformprojects.readonly","https://www.googleapis.com/auth/firebase","https://www.googleapis.com/auth/cloud-platform"]
[debug] [2019-12-14T23:12:39.934Z] > authorizing via signed-in user
[debug] [2019-12-14T23:12:39.934Z] [iam] checking project templates-7e371 for permissions ["firebase.projects.get"]
[debug] [2019-12-14T23:12:39.949Z] >>> HTTP REQUEST POST https://cloudresourcemanager.googleapis.com/v1/projects/templates-7e371:testIamPermissions  

[debug] [2019-12-14T23:12:40.197Z] <<< HTTP RESPONSE 200
[debug] [2019-12-14T23:12:40.197Z] >>> HTTP REQUEST GET https://firebase.googleapis.com/v1beta1/projects/templates-7e371  
 
[debug] [2019-12-14T23:12:40.422Z] <<< HTTP RESPONSE 200
[info] 
[info] === Serving from 'C:\Users\Student\Desktop\Devtraining\doors games'...
[info] 
[debug] [2019-12-14T23:12:40.438Z] >>> HTTP REQUEST GET https://firebase.googleapis.com/v1beta1/projects/templates-7e371/webApps/-/config  
 
[debug] [2019-12-14T23:12:40.973Z] <<< HTTP RESPONSE 200
[info] i  hosting: Serving hosting files from: public
[info] +  hosting: Local server: http://localhost:5000
